Arguments: 
  /home/thiago/.nvm/versions/node/v17.3.1/bin/node /mnt/c/Program Files (x86)/Yarn/bin/yarn.js install

PATH: 
  /home/thiago/.nvm/versions/node/v17.3.1/bin:/home/thiago/.local/share/zinit/polaris/bin:/home/thiago/.vscode-server/bin/899d46d82c4c95423fb7e10e68eba52050e30ba3/bin:/usr/local/sbin:/usr/local/bin:/usr/sbin:/usr/bin:/sbin:/bin:/usr/games:/usr/local/games:/usr/lib/wsl/lib:/mnt/c/Program Files (x86)/Common Files/Oracle/Java/javapath:/mnt/c/WINDOWS/system32:/mnt/c/WINDOWS:/mnt/c/WINDOWS/System32/Wbem:/mnt/c/WINDOWS/System32/WindowsPowerShell/v1.0/:/mnt/c/WINDOWS/System32/OpenSSH/:/mnt/c/Program Files/Git/cmd:/mnt/c/Program Files/nodejs/:/mnt/c/Program Files (x86)/Yarn/bin/:/mnt/c/Users/Thiago/AppData/Local/Microsoft/WindowsApps:/mnt/c/Users/Thiago/AppData/Local/Programs/Microsoft VS Code/bin:/mnt/c/MinGW/bin:/mnt/c/Program Files/JetBrains/PyCharm Community Edition 2021.2.1/bin:/mnt/c/Users/Thiago/AppData/Roaming/npm:/mnt/c/Users/Thiago/AppData/Local/GitHubDesktop/bin:/mnt/c/Users/Thiago/AppData/Local/Yarn/bin

Yarn version: 
  1.22.15

Node version: 
  17.3.1

Platform: 
  linux x64

Trace: 
  SyntaxError: /mnt/c/Users/Thiago/desktop/programing/aprendendo-typeorm/package.json: Unexpected token } in JSON at position 376
      at JSON.parse (<anonymous>)
      at /mnt/c/Program Files (x86)/Yarn/lib/cli.js:1625:59
      at Generator.next (<anonymous>)
      at step (/mnt/c/Program Files (x86)/Yarn/lib/cli.js:310:30)
      at /mnt/c/Program Files (x86)/Yarn/lib/cli.js:321:13

npm manifest: 
  {
     "name": "aprendendo-typeorm",
     "version": "0.0.1",
     "description": "Awesome project developed with TypeORM.",
     "devDependencies": {
        "ts-node": "3.3.0",
        "@types/node": "^8.0.29",
        "typescript": "3.3.3333"
     },
     "dependencies": {
        "typeorm": "0.2.41",
        "reflect-metadata": "^0.1.10",
        "pg": "^8.4.0",
        "express": "^4.15.4",
     },
     "scripts": {
        "start": "ts-node src/index.ts",
        "typeorm": "node --require ts-node/register ./node_modules/typeorm/cli.js"
     }
  }

yarn manifest: 
  No manifest

Lockfile: 
  No lockfile
